d:\ss\pgina\plugins\kerberos\authdll\debug\x64\authdll.lib
d:\ss\pgina\plugins\kerberos\authdll\debug\x64\authdll.exp
d:\ss\pgina\plugins\kerberos\authdll\debug\x64\authfuncs.obj
d:\ss\pgina\plugins\kerberos\authdll\debug\x64\vc100.pdb
d:\ss\pgina\plugins\kerberos\authdll\debug\x64\authdll.ilk
d:\ss\pgina\plugins\kerberos\authdll\debug\x64\authdll.dll
d:\ss\pgina\plugins\kerberos\authdll\debug\x64\authdll.dll.intermediate.manifest
d:\ss\pgina\plugins\kerberos\authdll\debug\x64\authdll.pdb
d:\ss\pgina\plugins\kerberos\authdll\debug\x64\authdll.dll.embed.manifest
d:\ss\pgina\plugins\kerberos\authdll\debug\x64\authdll.dll.embed.manifest.res
d:\ss\pgina\plugins\kerberos\authdll\debug\x64\authdll.write.1.tlog
d:\ss\pgina\plugins\kerberos\authdll\debug\x64\cl.command.1.tlog
d:\ss\pgina\plugins\kerberos\authdll\debug\x64\cl.read.1.tlog
d:\ss\pgina\plugins\kerberos\authdll\debug\x64\cl.write.1.tlog
d:\ss\pgina\plugins\kerberos\authdll\debug\x64\link-cvtres.read.1.tlog
d:\ss\pgina\plugins\kerberos\authdll\debug\x64\link-cvtres.write.1.tlog
d:\ss\pgina\plugins\kerberos\authdll\debug\x64\link.20920-cvtres.read.1.tlog
d:\ss\pgina\plugins\kerberos\authdll\debug\x64\link.20920-cvtres.write.1.tlog
d:\ss\pgina\plugins\kerberos\authdll\debug\x64\link.20920.read.1.tlog
d:\ss\pgina\plugins\kerberos\authdll\debug\x64\link.20920.write.1.tlog
d:\ss\pgina\plugins\kerberos\authdll\debug\x64\link.command.1.tlog
d:\ss\pgina\plugins\kerberos\authdll\debug\x64\link.read.1.tlog
d:\ss\pgina\plugins\kerberos\authdll\debug\x64\link.write.1.tlog
d:\ss\pgina\plugins\kerberos\authdll\debug\x64\mt.command.1.tlog
d:\ss\pgina\plugins\kerberos\authdll\debug\x64\mt.read.1.tlog
d:\ss\pgina\plugins\kerberos\authdll\debug\x64\mt.write.1.tlog
d:\ss\pgina\plugins\kerberos\authdll\debug\x64\rc.command.1.tlog
d:\ss\pgina\plugins\kerberos\authdll\debug\x64\rc.read.1.tlog
d:\ss\pgina\plugins\kerberos\authdll\debug\x64\rc.write.1.tlog
d:\ss\pgina\plugins\kerberos\authdll\debug\x64\vc100.idb
d:\ss\pgina\plugins\kerberos\authdll\debug\x64\authdll_manifest.rc
