1>------ Rebuild All started: Project: Lib, Configuration: Release Win32 ------
1>  BinaryReader.cpp
1>  BinaryWriter.cpp
1>  Helpers.cpp
1>  pGinaMessages.cpp
1>  Message.cpp
1>  pGinaTransactions.cpp
1>  PipeClient.cpp
1>  Registry.cpp
1>  Threading.cpp
1>  Lib.vcxproj -> D:\ss\pgina\pGina\src\\bin\Win32\NativeLib.lib
2>------ Rebuild All started: Project: NativeLibTest, Configuration: Release Win32 ------
3>------ Rebuild All started: Project: CredentialProvider, Configuration: Release Win32 ------
2>  NativeLibTest.cpp
3>  ClassFactory.cpp
2>  stdafx.cpp
3>  Credential.cpp
2>  Generating code
3>  CredentialProviderFilter.cpp
2>  Finished generating code
2>  NativeLibTest.vcxproj -> D:\ss\pgina\pGina\src\\bin\Win32\NativeLibTest.exe
3>  Dll.cpp
3>  Provider.cpp
4>------ Rebuild All started: Project: Gina (Gina\Gina), Configuration: Release Win32 ------
4>  DialogBase.cpp
3>  ProviderGuid.cpp
3>  SerializationHelpers.cpp
4>  DialogLoggedOutSAS.cpp
3>  ServiceStateHelper.cpp
4>  Dll.cpp
4>  Gina.cpp
4>  GinaChain.cpp
4>  GinaExports.cpp
4>  GinaWrapper.cpp
4>  HookedLoggedOutSAS.cpp
4>  Themes.cpp
4>  Winlogon.cpp
4>  WinlogonDebug.cpp
4>  WinlogonReal.cpp
4>  WinlogonRouter.cpp
3>     Creating library D:\ss\pgina\pGina\src\\bin\Win32\pGinaCredentialProvider.lib and object D:\ss\pgina\pGina\src\\bin\Win32\pGinaCredentialProvider.exp
3>  Generating code
3>  Finished generating code
4>     Creating library D:\ss\pgina\pGina\src\\bin\Win32\pGinaGINA.lib and object D:\ss\pgina\pGina\src\\bin\Win32\pGinaGINA.exp
4>  Generating code
4>  Finished generating code
3>  CredentialProvider.vcxproj -> D:\ss\pgina\pGina\src\\bin\Win32\pGinaCredentialProvider.dll
4>  Gina.vcxproj -> D:\ss\pgina\pGina\src\\bin\Win32\pGinaGINA.dll
5>------ Rebuild All started: Project: FakeWinlogon, Configuration: Release Win32 ------
5>  FakeWinlogon.cpp
5>  stdafx.cpp
5>  Generating code
5>  Finished generating code
5>  FakeWinlogon.vcxproj -> D:\ss\pgina\pGina\src\\bin\Win32\FakeWinlogon.exe
========== Rebuild All: 5 succeeded, 0 failed, 0 skipped ==========

