1>------ Rebuild All started: Project: Lib, Configuration: Release x64 ------
1>  BinaryReader.cpp
1>  BinaryWriter.cpp
1>  Helpers.cpp
1>  pGinaMessages.cpp
1>  Message.cpp
1>  pGinaTransactions.cpp
1>  PipeClient.cpp
1>  Registry.cpp
1>  Threading.cpp
1>  Lib.vcxproj -> D:\ss\pgina\pGina\src\\bin\x64\NativeLib.lib
2>------ Rebuild All started: Project: NativeLibTest, Configuration: Release x64 ------
3>------ Rebuild All started: Project: CredentialProvider, Configuration: Release x64 ------
2>  NativeLibTest.cpp
3>  ClassFactory.cpp
2>  stdafx.cpp
3>  Credential.cpp
2>  Generating code
3>  CredentialProviderFilter.cpp
2>  Finished generating code
2>  NativeLibTest.vcxproj -> D:\ss\pgina\pGina\src\\bin\x64\NativeLibTest.exe
3>  Dll.cpp
3>  Provider.cpp
4>------ Rebuild All started: Project: Gina (Gina\Gina), Configuration: Release x64 ------
4>  DialogBase.cpp
3>  ProviderGuid.cpp
3>  SerializationHelpers.cpp
4>  DialogLoggedOutSAS.cpp
3>  ServiceStateHelper.cpp
4>  Dll.cpp
4>  Gina.cpp
4>  GinaChain.cpp
4>  GinaExports.cpp
4>  GinaWrapper.cpp
4>  HookedLoggedOutSAS.cpp
4>  Themes.cpp
4>  Winlogon.cpp
4>  WinlogonDebug.cpp
4>  WinlogonReal.cpp
4>  WinlogonRouter.cpp
3>  
3>CredentialProvider.rc(52): error RC2135: file not found: entry_wccp_logo.bmp
3>  
4>  
4>Gina.rc(52): error RC2135: file not found: entry_wccp_logo.bmp
4>  
5>------ Rebuild All started: Project: FakeWinlogon, Configuration: Release x64 ------
5>  FakeWinlogon.cpp
5>  stdafx.cpp
5>LINK : fatal error LNK1181: cannot open input file 'pGinaGINA.lib'
========== Rebuild All: 2 succeeded, 3 failed, 0 skipped ==========

